APP-INFO: 2026/04/12 18:02:12 === DÉMARRAGE DU SYSTÈME DE PAIEMENT ===
PAYMENT-INFO: 2026/04/12 18:02:12 Nouvelle carte créée pour John Doe (solde: 1000.00€)
PAYMENT-INFO: 2026/04/12 18:02:12 Nouveau compte PayPal créé pour alice@email.com (solde: 500.00€)
PAYMENT-INFO: 2026/04/12 18:02:12 Nouveau portefeuille Crypto créé pour 0xABC123 (solde: 1000.00€)
PAYMENT-INFO: 2026/04/12 18:02:12 Carte John Doe - Paiement de 150.00€ effectué. Nouveau solde: 850.00€
PAYMENT-INFO: 2026/04/12 18:02:12 PayPal alice@email.com - Paiement de 150.00€ effectué. Nouveau solde: 350.00€
PAYMENT-INFO: 2026/04/12 18:02:12 Crypto 0xABC123 - Paiement de 150.00€ + frais 3.00€ = 153.00€. Nouveau solde: 847.00€
PAYMENT-ERROR: 2026/04/12 18:02:12 paiment.go:104: PayPal alice@email.com - solde insuffisant: 350.00€ disponible, 500.00€ requis
PAYMENT-ERROR: 2026/04/12 18:02:12 paiment.go:55: Carte John Doe - montant invalide: -50.00€
PAYMENT-ERROR: 2026/04/12 18:02:12 paiment.go:135: Crypto 0xABC123 - montant invalide: 0.00€
PAYMENT-INFO: 2026/04/12 18:02:12 Crypto 0xABC123 - Paiement de 50.00€ + frais 1.00€ = 51.00€. Nouveau solde: 796.00€
APP-INFO: 2026/04/12 18:02:12 === FIN DU PROGRAMME ===
APP-INFO: 2026/04/12 18:13:20 === DÉMARRAGE DU SYSTÈME DE PAIEMENT ===
PAYMENT-INFO: 2026/04/12 18:13:20 Nouvelle carte créée pour John Doe (solde: 1000.00€)
PAYMENT-INFO: 2026/04/12 18:13:20 Nouveau compte PayPal créé pour alice@email.com (solde: 500.00€)
PAYMENT-INFO: 2026/04/12 18:13:20 Nouveau portefeuille Crypto créé pour 0xABC123 (solde: 1000.00€)
PAYMENT-INFO: 2026/04/12 18:13:20 Carte John Doe - Paiement de 150.00€ effectué. Nouveau solde: 850.00€
PAYMENT-INFO: 2026/04/12 18:13:20 PayPal alice@email.com - Paiement de 150.00€ effectué. Nouveau solde: 350.00€
PAYMENT-INFO: 2026/04/12 18:13:20 Crypto 0xABC123 - Paiement de 150.00€ + frais 3.00€ = 153.00€. Nouveau solde: 847.00€
PAYMENT-ERROR: 2026/04/12 18:13:20 paiment.go:140: PayPal alice@email.com - solde insuffisant: 350.00€ disponible, 500.00€ requis
PAYMENT-ERROR: 2026/04/12 18:13:20 paiment.go:69: Carte John Doe - montant invalide: -50.00€
PAYMENT-ERROR: 2026/04/12 18:13:20 paiment.go:193: Crypto 0xABC123 - montant invalide: 0.00€
PAYMENT-INFO: 2026/04/12 18:13:20 Crypto 0xABC123 - Paiement de 50.00€ + frais 1.00€ = 51.00€. Nouveau solde: 796.00€
PAYMENT-INFO: 2026/04/12 18:13:20 Crypto 0xABC123 - Crédit de 500.00€ effectué. Nouveau solde: 1296.00€
PAYMENT-INFO: 2026/04/12 18:13:20 Carte John Doe - Crédit de 200.00€ effectué. Nouveau solde: 1050.00€
APP-INFO: 2026/04/12 18:13:20 === FIN DU PROGRAMME ===
